<?xml version="1.0" encoding="UTF-8"?>
<!-- Generated by org.testng.reporters.JUnitReportReporter -->
<testsuite hostname="DESKTOP-VE2CCS3" failures="0" tests="6" name="com.selenium.testng.TestExamples" time="0.068" errors="0" timestamp="2022-10-01T13:28:23 IST" skipped="1">
  <testcase classname="com.selenium.testng.TestExamples" name="skipTest1" time="0.032"/>
  <system-out/>
  <testcase classname="com.selenium.testng.TestExamples" name="LoginTest" time="0.003"/>
  <system-out/>
  <testcase classname="com.selenium.testng.TestExamples" name="homePage" time="0.011"/>
  <system-out/>
  <testcase classname="com.selenium.testng.TestExamples" name="MyAccount" time="0.014"/>
  <system-out/>
  <testcase classname="com.selenium.testng.TestExamples" name="skipTest2" time="0.003">
    <skipped/>
  </testcase> <!-- skipTest2 -->
  <system-out/>
  <testcase classname="com.selenium.testng.TestExamples" name="LogOutTest" time="0.005"/>
  <system-out/>
</testsuite> <!-- com.selenium.testng.TestExamples -->
