<?xml version="1.0" encoding="UTF-8"?>
<!-- Generated by org.testng.reporters.JUnitReportReporter -->
<testsuite hostname="DESKTOP-VE2CCS3" failures="0" tests="2" name="com.selenium.ui.FirstProgram" time="48.888" errors="0" timestamp="2022-04-23T23:05:23 IST" skipped="0">
  <testcase classname="com.selenium.ui.FirstProgram" name="launchBrowser2" time="32.022"/>
  <system-out/>
  <testcase classname="com.selenium.ui.FirstProgram" name="openUrl" time="16.866"/>
  <system-out/>
</testsuite> <!-- com.selenium.ui.FirstProgram -->
