<?xml version="1.0" encoding="UTF-8"?>
<!-- Generated by org.testng.reporters.JUnitReportReporter -->
<testsuite hostname="DESKTOP-VE2CCS3" failures="0" tests="1" name="com.selenium.testcases.VerifyLoginTest" time="21.122" errors="0" timestamp="2022-10-04T00:06:26 IST" skipped="0">
  <testcase classname="com.selenium.testcases.VerifyLoginTest" name="VerifyLoginTestMethod" time="21.122"/>
  <system-out/>
</testsuite> <!-- com.selenium.testcases.VerifyLoginTest -->
